D:\Visual Studio seventeen\Common7\IDE\VC\VCTargets\Microsoft.CppBuild.targets(376,5): warning MSB8004: Intermediate 目錄結尾不是結尾斜線。這個建置執行個體將會加入此斜線，因為這樣才能正確評估 Intermediate 目錄。
D:\Visual Studio seventeen\Common7\IDE\VC\VCTargets\Microsoft.CppBuild.targets(377,5): warning MSB8004: Output 目錄結尾不是結尾斜線。這個建置執行個體將會加入此斜線，因為這樣才能正確評估 Output 目錄。
  Main.c
d:\school\ntut\大三上\programming_lab\finalproject\final\source\main.c(18): warning C4996: 'scanf': This function or variable may be unsafe. Consider using scanf_s instead. To disable deprecation, use _CRT_SECURE_NO_WARNINGS. See online help for details.
  d:\windows kits\10\include\10.0.17763.0\ucrt\stdio.h(1274): note: 請參閱 'scanf' 的宣告
d:\school\ntut\大三上\programming_lab\finalproject\final\source\main.c(29): warning C4996: 'scanf': This function or variable may be unsafe. Consider using scanf_s instead. To disable deprecation, use _CRT_SECURE_NO_WARNINGS. See online help for details.
  d:\windows kits\10\include\10.0.17763.0\ucrt\stdio.h(1274): note: 請參閱 'scanf' 的宣告
d:\school\ntut\大三上\programming_lab\finalproject\final\source\main.c(31): warning C4996: 'fopen': This function or variable may be unsafe. Consider using fopen_s instead. To disable deprecation, use _CRT_SECURE_NO_WARNINGS. See online help for details.
  d:\windows kits\10\include\10.0.17763.0\ucrt\stdio.h(208): note: 請參閱 'fopen' 的宣告
d:\school\ntut\大三上\programming_lab\finalproject\final\source\main.c(86): warning C4996: 'getch': The POSIX name for this item is deprecated. Instead, use the ISO C and C++ conformant name: _getch. See online help for details.
  d:\windows kits\10\include\10.0.17763.0\ucrt\conio.h(453): note: 請參閱 'getch' 的宣告
d:\school\ntut\大三上\programming_lab\finalproject\final\source\main.c(97): warning C4996: 'scanf': This function or variable may be unsafe. Consider using scanf_s instead. To disable deprecation, use _CRT_SECURE_NO_WARNINGS. See online help for details.
  d:\windows kits\10\include\10.0.17763.0\ucrt\stdio.h(1274): note: 請參閱 'scanf' 的宣告
d:\school\ntut\大三上\programming_lab\finalproject\final\source\main.c(99): warning C4996: 'scanf': This function or variable may be unsafe. Consider using scanf_s instead. To disable deprecation, use _CRT_SECURE_NO_WARNINGS. See online help for details.
  d:\windows kits\10\include\10.0.17763.0\ucrt\stdio.h(1274): note: 請參閱 'scanf' 的宣告
d:\school\ntut\大三上\programming_lab\finalproject\final\source\main.c(101): warning C4996: 'fopen': This function or variable may be unsafe. Consider using fopen_s instead. To disable deprecation, use _CRT_SECURE_NO_WARNINGS. See online help for details.
  d:\windows kits\10\include\10.0.17763.0\ucrt\stdio.h(208): note: 請參閱 'fopen' 的宣告
d:\school\ntut\大三上\programming_lab\finalproject\final\source\main.c(156): warning C4996: 'getch': The POSIX name for this item is deprecated. Instead, use the ISO C and C++ conformant name: _getch. See online help for details.
  d:\windows kits\10\include\10.0.17763.0\ucrt\conio.h(453): note: 請參閱 'getch' 的宣告
d:\school\ntut\大三上\programming_lab\finalproject\final\source\main.c(160): warning C4996: 'fopen': This function or variable may be unsafe. Consider using fopen_s instead. To disable deprecation, use _CRT_SECURE_NO_WARNINGS. See online help for details.
  d:\windows kits\10\include\10.0.17763.0\ucrt\stdio.h(208): note: 請參閱 'fopen' 的宣告
d:\school\ntut\大三上\programming_lab\finalproject\final\source\main.c(215): warning C4996: 'getch': The POSIX name for this item is deprecated. Instead, use the ISO C and C++ conformant name: _getch. See online help for details.
  d:\windows kits\10\include\10.0.17763.0\ucrt\conio.h(453): note: 請參閱 'getch' 的宣告
  yc.vcxproj -> D:\School\NTUT\大三上\Programming_LAB\FinalProject\final\yc\yc\..\..\temp\debug\yc.exe
